<?xml version="1.0" encoding="UTF-8"?>
<testng-results ignored="0" total="1" passed="1" failed="0" skipped="0">
  <reporter-output>
  </reporter-output>
  <suite started-at="2023-09-06T22:57:59 SGT" name="Default suite" finished-at="2023-09-06T22:58:46 SGT" duration-ms="46269">
    <groups>
    </groups>
    <test started-at="2023-09-06T22:57:59 SGT" name="Default test" finished-at="2023-09-06T22:58:46 SGT" duration-ms="46269">
      <class name="Scripts.TestCase2">
        <test-method is-config="true" signature="openApp()[pri:0, instance:Scripts.TestCase2@41a0aa7d]" started-at="2023-09-06T22:57:59 SGT" name="openApp" finished-at="2023-09-06T22:58:26 SGT" duration-ms="26548" status="PASS">
          <reporter-output>
          </reporter-output>
        </test-method> <!-- openApp -->
        <test-method signature="tc2()[pri:0, instance:Scripts.TestCase2@41a0aa7d]" started-at="2023-09-06T22:58:26 SGT" name="tc2" finished-at="2023-09-06T22:58:43 SGT" duration-ms="17064" status="PASS">
          <reporter-output>
          </reporter-output>
        </test-method> <!-- tc2 -->
        <test-method is-config="true" signature="closeApp(org.testng.ITestResult)[pri:0, instance:Scripts.TestCase2@41a0aa7d]" started-at="2023-09-06T22:58:43 SGT" name="closeApp" finished-at="2023-09-06T22:58:46 SGT" duration-ms="2442" status="PASS">
          <params>
            <param index="0">
              <value>
                <![CDATA[[TestResult name=tc2 status=SUCCESS method=TestCase2.tc2()[pri:0, instance:Scripts.TestCase2@41a0aa7d] output={null}]]]>
              </value>
            </param>
          </params>
          <reporter-output>
          </reporter-output>
        </test-method> <!-- closeApp -->
      </class> <!-- Scripts.TestCase2 -->
    </test> <!-- Default test -->
  </suite> <!-- Default suite -->
</testng-results>
